Streaming transaction logs mentioning 9vF8iR37L3nKtBR4x6mhy8dE8eMLUzcuCNbSCGCpnYHG. Confirmed commitment
Transaction executed in slot 4:
  Signature: 57GyWmmgNgxWZBwSow7GRjrnqm7w32DnN66q6hEPRLfRD8gWPUwrug2YmwBs3KmV4HL5xyr7YxeipfWC5VSvyxoh
  Status: Ok
  Log Messages:
    Program 9vF8iR37L3nKtBR4x6mhy8dE8eMLUzcuCNbSCGCpnYHG invoke [1]
    Program log: Instruction: Initialize
    Program 11111111111111111111111111111111 invoke [2]
    Program 11111111111111111111111111111111 success
    Program TokenkegQfeZyiNwAJbNbGKPFXCWuBvf9Ss623VQ5DA invoke [2]
    Program log: Instruction: InitializeAccount3
    Program TokenkegQfeZyiNwAJbNbGKPFXCWuBvf9Ss623VQ5DA consumed 4214 of 188603 compute units
    Program TokenkegQfeZyiNwAJbNbGKPFXCWuBvf9Ss623VQ5DA success
    Program log: Staking Vault Initialized Successfully!
    Program 9vF8iR37L3nKtBR4x6mhy8dE8eMLUzcuCNbSCGCpnYHG consumed 18152 of 200000 compute units
    Program 9vF8iR37L3nKtBR4x6mhy8dE8eMLUzcuCNbSCGCpnYHG success
Transaction executed in slot 7:
  Signature: 2hdfB7EkdtosAnWq2v7XPVLvFK7p7Th8PiTi4eWU4NRQFSejpBsntYTzPBkr8dTwWS3f8UWErdEbKbxjTXpJfZWK
  Status: Ok
  Log Messages:
    Program 9vF8iR37L3nKtBR4x6mhy8dE8eMLUzcuCNbSCGCpnYHG invoke [1]
    Program log: Instruction: Deposit
    Program 11111111111111111111111111111111 invoke [2]
    Program 11111111111111111111111111111111 success
    Program TokenkegQfeZyiNwAJbNbGKPFXCWuBvf9Ss623VQ5DA invoke [2]
    Program log: Instruction: Transfer
    Program TokenkegQfeZyiNwAJbNbGKPFXCWuBvf9Ss623VQ5DA consumed 4645 of 182029 compute units
    Program TokenkegQfeZyiNwAJbNbGKPFXCWuBvf9Ss623VQ5DA success
    Program data: 3IKRjm17JmT3jZoTX3eGdPtfqJ/4EKWZuHuymLucr+1ynsaB8W1DXPQBAAAAAAAA9AEAAAAAAAA=
    Program log: Staked 500 tokens successfully. Total: 500
    Program 9vF8iR37L3nKtBR4x6mhy8dE8eMLUzcuCNbSCGCpnYHG consumed 24737 of 200000 compute units
    Program 9vF8iR37L3nKtBR4x6mhy8dE8eMLUzcuCNbSCGCpnYHG success
