Streaming transaction logs mentioning UY89vX8nRLbuy8LZCZy9ThMbNp1669Bi7Ue9uMwZC6P. Confirmed commitment
Transaction executed in slot 18:
  Signature: 21zPvATnJyxoxgsAVURm2XJerbNVdfvDjhry4zkWztM9UHePptursUKeiHWRxrvsdMVpTEJGzC1Av9PXn7ejLgSr
  Status: Ok
  Log Messages:
    Program UY89vX8nRLbuy8LZCZy9ThMbNp1669Bi7Ue9uMwZC6P invoke [1]
    Program log: Instruction: InitializeMint
    Program 11111111111111111111111111111111 invoke [2]
    Program 11111111111111111111111111111111 success
    Program TokenkegQfeZyiNwAJbNbGKPFXCWuBvf9Ss623VQ5DA invoke [2]
    Program log: Instruction: InitializeMint2
    Program TokenkegQfeZyiNwAJbNbGKPFXCWuBvf9Ss623VQ5DA consumed 2780 of 193073 compute units
    Program TokenkegQfeZyiNwAJbNbGKPFXCWuBvf9Ss623VQ5DA success
    Program log: Token mint initialized: Hm5eoNJQFSN8iF4rSMyEmbZrKAxeempejUM9Q6yn4XmG
    Program data: Lqtroa9o7Ob5Bc5enO76t2XMBZ/B3vc/LEyUk6/I74V+Zw6Rn6RWRwn3jZoTX3eGdPtfqJ/4EKWZuHuymLucr+1ynsaB8W1DXA==
    Program UY89vX8nRLbuy8LZCZy9ThMbNp1669Bi7Ue9uMwZC6P consumed 23767 of 200000 compute units
    Program UY89vX8nRLbuy8LZCZy9ThMbNp1669Bi7Ue9uMwZC6P success
Transaction executed in slot 20:
  Signature: 4YaJc2woRo5REc8ewUt6UHHfZCTH17UocxrNppc57EzoQ6s8JS7zcGAax3v9Smw7f1ogL4FZ9uekY3ZfPkrFLwdC
  Status: Ok
  Log Messages:
    Program UY89vX8nRLbuy8LZCZy9ThMbNp1669Bi7Ue9uMwZC6P invoke [1]
    Program log: Instruction: InitializeConfig
    Program 11111111111111111111111111111111 invoke [2]
    Program 11111111111111111111111111111111 success
    Program log: Tax config initialized with rate: 100 basis points
    Program UY89vX8nRLbuy8LZCZy9ThMbNp1669Bi7Ue9uMwZC6P consumed 10633 of 200000 compute units
    Program UY89vX8nRLbuy8LZCZy9ThMbNp1669Bi7Ue9uMwZC6P success
Transaction executed in slot 22:
  Signature: 2czASY6vqKQt19RBxLmMC2Xk5VTjJpSeoxmmFXcAH1gdYZcKXCaLGp7BDk4vQQKFQ79YeGsBDSk711iwYo15wmEv
  Status: Ok
  Log Messages:
    Program UY89vX8nRLbuy8LZCZy9ThMbNp1669Bi7Ue9uMwZC6P invoke [1]
    Program log: Instruction: MintToken
    Program TokenkegQfeZyiNwAJbNbGKPFXCWuBvf9Ss623VQ5DA invoke [2]
    Program log: Instruction: MintTo
    Program TokenkegQfeZyiNwAJbNbGKPFXCWuBvf9Ss623VQ5DA consumed 4492 of 193730 compute units
    Program TokenkegQfeZyiNwAJbNbGKPFXCWuBvf9Ss623VQ5DA success
    Program log: Minted 1000 tokens to s84WhH2ihaUpqWPxEReZQneCo95pch6M7neksGRhjSL
    Program data: z9SAwq82QBj5Bc5enO76t2XMBZ/B3vc/LEyUk6/I74V+Zw6Rn6RWRwzXBhqsccisNJL9OgvCdmY8c3kSI9DpL66ZFo8XSfzF6AMAAAAAAAA=
    Program UY89vX8nRLbuy8LZCZy9ThMbNp1669Bi7Ue9uMwZC6P consumed 23279 of 200000 compute units
    Program UY89vX8nRLbuy8LZCZy9ThMbNp1669Bi7Ue9uMwZC6P success
Transaction executed in slot 23:
  Signature: 5XhG5egD3r4cCKk1SjqomhGm3Mq2iRoZKecfjaDskETaLf8Du3w75ALUwrP8aKsSWBfzefCXci5uA8ZASkuhaT5F
  Status: Ok
  Log Messages:
    Program UY89vX8nRLbuy8LZCZy9ThMbNp1669Bi7Ue9uMwZC6P invoke [1]
    Program log: Instruction: UpdateConfig
    Program log: Tax config updated to: 200 basis points
    Program UY89vX8nRLbuy8LZCZy9ThMbNp1669Bi7Ue9uMwZC6P consumed 4711 of 200000 compute units
    Program UY89vX8nRLbuy8LZCZy9ThMbNp1669Bi7Ue9uMwZC6P success
Transaction executed in slot 25:
  Signature: 4uU3dFhokuZzvjAfgtZ3kb33Z9AJPafAoZdSD9SFCYbtFoaCfsgdG8xzYS42w6pR3gRYW2z4vzCaLjxMh6EoEbc8
  Status: Ok
  Log Messages:
    Program UY89vX8nRLbuy8LZCZy9ThMbNp1669Bi7Ue9uMwZC6P invoke [1]
    Program log: Instruction: TransferToken
    Program TokenkegQfeZyiNwAJbNbGKPFXCWuBvf9Ss623VQ5DA invoke [2]
    Program log: Instruction: Transfer
    Program TokenkegQfeZyiNwAJbNbGKPFXCWuBvf9Ss623VQ5DA consumed 4645 of 187850 compute units
    Program TokenkegQfeZyiNwAJbNbGKPFXCWuBvf9Ss623VQ5DA success
    Program TokenkegQfeZyiNwAJbNbGKPFXCWuBvf9Ss623VQ5DA invoke [2]
    Program log: Instruction: Transfer
    Program TokenkegQfeZyiNwAJbNbGKPFXCWuBvf9Ss623VQ5DA consumed 4645 of 180899 compute units
    Program TokenkegQfeZyiNwAJbNbGKPFXCWuBvf9Ss623VQ5DA success
    Program log: Transferred 98 tokens (Tax: 2)
    Program data: jFZqJlWdyvoM1wYarHHIrDSS/ToLwnZmPHN5EiPQ6S+umRaPF0n8xdioRl8piKu3iWWbEh7sZiyzU/zfh3skYWqTowXfJyaiZAAAAAAAAAACAAAAAAAAAPeNmhNfd4Z0+1+on/gQpZm4e7KYu5yv7XKexoHxbUNc
    Program UY89vX8nRLbuy8LZCZy9ThMbNp1669Bi7Ue9uMwZC6P consumed 25483 of 200000 compute units
    Program UY89vX8nRLbuy8LZCZy9ThMbNp1669Bi7Ue9uMwZC6P success
